<?xml version="1.0" encoding="UTF-8"?>
<testsuite xmlns:xsi="http://www.w3.org/2001/XMLSchema-instance" xsi:noNamespaceSchemaLocation="https://maven.apache.org/surefire/maven-surefire-plugin/xsd/surefire-test-report.xsd" version="3.0.2" name="com.test.runners.TestRunner" time="26.795" tests="2" errors="0" skipped="0" failures="0">
  <properties>
[...]
</properties>
  <testcase name="Validate the main menu items on the dashboard" classname="Dashboard Menu" time="15.156">
    <system-out><![CDATA[
@menu
Scenario: Validate the main menu items on the dashboard # src/test/resources/features/Dashboard.feature:4
  Given The user is logged in with valid credentials    # com.test.steps.SearchEmployeeSteps.the_user_is_logged_in_with_valid_credentials()
expected list: [Admin, PIM, My Info, Discipline, Reports Catalog, More, Maintenance]
actual list: [Admin, PIM, My Info, Discipline, Reports Catalog, More, Maintenance]
  Then I want to validate the items in main menu        # com.test.steps.DashboardSteps.i_want_to_validate_the_items_in_main_menu(io.cucumber.datatable.DataTable)
    | Admin           |
    | PIM             |
    | My Info         |
    | Discipline      |
    | Reports Catalog |
    | More            |
    | Maintenance     |

    Embedding Validate the main menu items on the dashboard [image/png 69810 bytes]

]]></system-out>
  </testcase>
  <testcase name="Searching for a term in Google" classname="Searching in Google" time="8.125">
    <system-out><![CDATA[
@GoogleSearch @smoke @menu
Scenario: Searching for a term in Google                  # src/test/resources/features/GoogleSearch.feature:5
Opening Google homepage...
  Given I open the Google homepage                        # com.test.steps.GoogleSearch.i_open_the_google_homepage()
Cucumber testing typed into the search box.
  When I type "Cucumber testing" into the search box      # com.test.steps.GoogleSearch.i_type_into_the_search_box(java.lang.String)
Search button pressed.
  And I press the search button                           # com.test.steps.GoogleSearch.i_press_the_search_button()
Cucumber testing results displayed.
  Then I should see results related to "Cucumber testing" # com.test.steps.GoogleSearch.i_should_see_results_related_to(java.lang.String)
Number of results displayed.
  And I should see the number of results displayed        # com.test.steps.GoogleSearch.i_should_see_the_number_of_results_displayed()

    Embedding Searching for a term in Google [image/png 45469 bytes]

]]></system-out>
  </testcase>
</testsuite>